2025-05-17 22:21:48 [@99da6059731e]
Interno #1: Executar contract
2025-05-17 22:22:08 [@99da6059731e]
Externo #1: Executar PurgeLogs
2025-05-17 22:22:08 [@99da6059731e]
Externo #2: Executar checkAllUpdates
2025-05-17 22:22:09 [@99da6059731e]
Externo #3: Executar DomainsAlert
2025-05-17 22:22:09 [@99da6059731e]
Externo #4: Executar cleanorphans
2025-05-17 22:22:09 [@99da6059731e]
Externo #5: Executar pendingreason_autobump_autosolve
2025-05-17 22:24:06 [@99da6059731e]
Externo #1: Executar Cleanoldagents
2025-05-17 22:26:07 [@99da6059731e]
Externo #1: Nada a ser executado
2025-05-17 22:27:30 [2@99da6059731e]
Interno #1: Executar infocom
2025-05-17 22:34:06 [@99da6059731e]
Externo #1: Nada a ser executado
2025-05-17 22:34:24 [2@99da6059731e]
Interno #1: Executar mailgate
2025-05-17 22:36:06 [@99da6059731e]
Externo #1: Nada a ser executado
2025-05-17 22:38:07 [@99da6059731e]
Externo #1: Nada a ser executado
2025-05-17 22:38:46 [@99da6059731e]
Interno #1: Executar session
2025-05-17 22:40:07 [@99da6059731e]
Externo #1: Nada a ser executado
2025-05-17 22:42:07 [@99da6059731e]
Externo #1: Nada a ser executado
2025-05-17 22:44:06 [@99da6059731e]
Externo #1: Nada a ser executado
2025-05-17 22:46:05 [@99da6059731e]
Externo #1: Nada a ser executado
2025-05-17 22:48:09 [@99da6059731e]
Externo #1: Nada a ser executado
2025-05-17 22:48:52 [4@99da6059731e]
Interno #1: Executar graph
2025-05-17 22:48:57 [4@99da6059731e]
Interno #1: Executar reservation
2025-05-17 22:50:09 [@99da6059731e]
Externo #1: Nada a ser executado
2025-05-17 22:52:06 [@99da6059731e]
Externo #1: Executar pendingreason_autobump_autosolve
2025-05-17 22:53:59 [4@99da6059731e]
Interno #1: Executar closeticket
2025-05-17 22:54:07 [@99da6059731e]
Externo #1: Nada a ser executado
2025-05-17 22:55:20 [@99da6059731e]
Interno #1: Executar alertnotclosed
2025-05-17 22:56:07 [@99da6059731e]
Externo #1: Nada a ser executado
2025-05-17 22:58:03 [@99da6059731e]
Interno #1: Executar slaticket
2025-05-17 22:58:07 [@99da6059731e]
Externo #1: Nada a ser executado
2025-05-17 23:00:07 [@99da6059731e]
Externo #1: Nada a ser executado
2025-05-17 23:02:07 [@99da6059731e]
Externo #1: Nada a ser executado
2025-05-17 23:03:46 [4@99da6059731e]
Interno #1: Executar createinquest
2025-05-17 23:04:07 [@99da6059731e]
Externo #1: Nada a ser executado
2025-05-17 23:06:08 [@99da6059731e]
Externo #1: Nada a ser executado
2025-05-17 23:08:06 [@99da6059731e]
Externo #1: Nada a ser executado
2025-05-17 23:08:50 [4@99da6059731e]
Interno #1: Executar watcher
2025-05-17 23:10:06 [@99da6059731e]
Externo #1: Nada a ser executado
2025-05-17 23:12:06 [@99da6059731e]
Externo #1: Nada a ser executado
2025-05-17 23:14:06 [@99da6059731e]
Externo #1: Nada a ser executado
2025-05-17 23:15:52 [@99da6059731e]
Interno #1: Executar RecurrentItems
2025-05-17 23:16:07 [@99da6059731e]
Externo #1: Nada a ser executado
2025-05-17 23:18:06 [@99da6059731e]
Externo #1: Nada a ser executado
2025-05-17 23:20:07 [@99da6059731e]
Externo #1: Nada a ser executado
2025-05-17 23:22:07 [@99da6059731e]
Externo #1: Executar pendingreason_autobump_autosolve
2025-05-17 23:23:53 [2@99da6059731e]
Interno #1: Executar planningrecall
2025-05-17 23:24:07 [@99da6059731e]
Externo #1: Nada a ser executado
2025-05-17 23:26:09 [@99da6059731e]
Externo #1: Nada a ser executado
2025-05-17 23:28:07 [@99da6059731e]
Externo #1: Nada a ser executado
2025-05-17 23:29:04 [2@99da6059731e]
Interno #1: Executar queuednotification
2025-05-17 23:30:06 [@99da6059731e]
Externo #1: Nada a ser executado
2025-05-17 23:32:07 [@99da6059731e]
Externo #1: Nada a ser executado
2025-05-17 23:34:07 [@99da6059731e]
Externo #1: Nada a ser executado
2025-05-17 23:36:07 [@99da6059731e]
Externo #1: Nada a ser executado
2025-05-17 23:36:53 [2@99da6059731e]
Interno #1: Executar queuednotificationclean
2025-05-17 23:38:18 [@99da6059731e]
Externo #1: Nada a ser executado
2025-05-17 23:40:08 [@99da6059731e]
Externo #1: Nada a ser executado
2025-05-17 23:42:07 [@99da6059731e]
Externo #1: Nada a ser executado
2025-05-17 23:44:08 [@99da6059731e]
Externo #1: Nada a ser executado
2025-05-17 23:46:06 [@99da6059731e]
Externo #1: Nada a ser executado
2025-05-17 23:48:06 [@99da6059731e]
Externo #1: Nada a ser executado
2025-05-17 23:49:36 [2@99da6059731e]
Interno #1: Executar temp
2025-05-17 23:50:07 [@99da6059731e]
Externo #1: Nada a ser executado
2025-05-17 23:52:11 [@99da6059731e]
Externo #1: Executar pendingreason_autobump_autosolve
2025-05-17 23:54:08 [@99da6059731e]
Externo #1: Nada a ser executado
2025-05-17 23:56:17 [@99da6059731e]
Externo #1: Nada a ser executado
2025-05-17 23:58:08 [@99da6059731e]
Externo #1: Nada a ser executado
2025-05-18 00:00:19 [@99da6059731e]
Externo #1: Nada a ser executado
2025-05-18 00:02:11 [@99da6059731e]
Externo #1: Nada a ser executado
2025-05-18 00:04:16 [@99da6059731e]
Externo #1: Nada a ser executado
2025-05-18 00:07:47 [@99da6059731e]
Externo #1: Nada a ser executado
2025-05-18 00:08:28 [@99da6059731e]
Externo #1: Nada a ser executado
2025-05-18 00:10:11 [@99da6059731e]
Externo #1: Nada a ser executado
2025-05-18 00:12:39 [@99da6059731e]
Externo #1: Nada a ser executado
2025-05-18 00:14:14 [@99da6059731e]
Externo #1: Nada a ser executado
2025-05-18 00:16:07 [@99da6059731e]
Externo #1: Nada a ser executado
2025-05-18 00:18:30 [@99da6059731e]
Externo #1: Nada a ser executado
2025-05-18 00:20:09 [@99da6059731e]
Externo #1: Nada a ser executado
2025-05-18 00:22:15 [@99da6059731e]
Externo #1: Executar pendingreason_autobump_autosolve
2025-05-18 00:24:19 [@99da6059731e]
Externo #1: Nada a ser executado
2025-05-18 00:26:07 [@99da6059731e]
Externo #1: Nada a ser executado
2025-05-18 00:28:07 [@99da6059731e]
Externo #1: Nada a ser executado
2025-05-18 00:28:39 [2@99da6059731e]
Interno #1: Executar mailgateerror
2025-05-18 00:30:06 [@99da6059731e]
Externo #1: Nada a ser executado
2025-05-18 00:32:18 [@99da6059731e]
Externo #1: Nada a ser executado
2025-05-18 00:33:41 [2@99da6059731e]
Interno #1: Executar certificate
2025-05-18 00:34:07 [@99da6059731e]
Externo #1: Nada a ser executado
2025-05-18 00:36:09 [@99da6059731e]
Externo #1: Nada a ser executado
2025-05-18 00:38:07 [@99da6059731e]
Externo #1: Nada a ser executado
2025-05-18 00:39:16 [2@99da6059731e]
Interno #1: Executar olaticket
2025-05-18 00:40:07 [@99da6059731e]
Externo #1: Nada a ser executado
2025-05-18 00:42:07 [@99da6059731e]
Externo #1: Nada a ser executado
2025-05-18 00:44:11 [@99da6059731e]
Externo #1: Nada a ser executado
2025-05-18 00:44:25 [@99da6059731e]
Interno #1: Executar mailgate
2025-05-18 00:44:26 [2@99da6059731e]
Interno #1: Executar slaticket
2025-05-18 00:46:11 [@99da6059731e]
Externo #1: Nada a ser executado
2025-05-18 00:48:09 [@99da6059731e]
Externo #1: Nada a ser executado
2025-05-18 00:50:11 [@99da6059731e]
Externo #1: Nada a ser executado
2025-05-18 00:52:12 [@99da6059731e]
Externo #1: Executar pendingreason_autobump_autosolve
2025-05-18 00:54:07 [@99da6059731e]
Externo #1: Nada a ser executado
2025-05-18 00:56:07 [@99da6059731e]
Externo #1: Nada a ser executado
2025-05-18 00:57:25 [3@99da6059731e]
Interno #1: Executar planningrecall
2025-05-18 00:58:15 [@99da6059731e]
Externo #1: Nada a ser executado
2025-05-18 00:59:18 [2@99da6059731e]
Interno #1: Executar queuednotification
2025-05-18 01:00:07 [@99da6059731e]
Externo #1: Nada a ser executado
2025-05-18 01:02:07 [@99da6059731e]
Externo #1: Nada a ser executado
2025-05-18 01:04:07 [@99da6059731e]
Externo #1: Nada a ser executado
2025-05-18 01:05:11 [2@99da6059731e]
Interno #1: Executar graph
2025-05-18 01:06:07 [@99da6059731e]
Externo #1: Nada a ser executado
2025-05-18 01:06:58 [3@99da6059731e]
Interno #1: Executar reservation
2025-05-18 01:08:07 [@99da6059731e]
Externo #1: Nada a ser executado
2025-05-18 01:10:12 [@99da6059731e]
Externo #1: Nada a ser executado
2025-05-18 01:11:17 [2@99da6059731e]
Interno #1: Executar RecurrentItems
2025-05-18 01:12:07 [@99da6059731e]
Externo #1: Nada a ser executado
2025-05-18 01:14:07 [@99da6059731e]
Externo #1: Nada a ser executado
2025-05-18 01:16:08 [@99da6059731e]
Externo #1: Nada a ser executado
2025-05-18 01:17:29 [2@99da6059731e]
Interno #1: Executar olaticket
2025-05-18 01:18:08 [@99da6059731e]
Externo #1: Nada a ser executado
2025-05-18 01:20:10 [@99da6059731e]
Externo #1: Nada a ser executado
2025-05-18 01:22:07 [@99da6059731e]
Externo #1: Executar pendingreason_autobump_autosolve
2025-05-18 01:22:34 [2@99da6059731e]
Interno #1: Executar slaticket
2025-05-18 01:24:07 [@99da6059731e]
Externo #1: Nada a ser executado
2025-05-18 01:26:08 [@99da6059731e]
Externo #1: Nada a ser executado
2025-05-18 01:28:07 [@99da6059731e]
Externo #1: Nada a ser executado
2025-05-18 01:29:11 [2@99da6059731e]
Interno #1: Executar temp
2025-05-18 01:30:07 [@99da6059731e]
Externo #1: Nada a ser executado
2025-05-18 01:32:07 [@99da6059731e]
Externo #1: Nada a ser executado
2025-05-18 01:34:09 [@99da6059731e]
Externo #1: Nada a ser executado
2025-05-18 01:34:30 [2@99da6059731e]
Interno #1: Executar mailgate
2025-05-18 01:36:07 [@99da6059731e]
Externo #1: Nada a ser executado
2025-05-18 01:38:08 [@99da6059731e]
Externo #1: Nada a ser executado
2025-05-18 01:40:08 [@99da6059731e]
Externo #1: Nada a ser executado
2025-05-18 01:41:07 [2@99da6059731e]
Interno #1: Executar queuednotification
2025-05-18 01:42:10 [@99da6059731e]
Externo #1: Nada a ser executado
2025-05-18 01:44:09 [@99da6059731e]
Externo #1: Nada a ser executado
2025-05-18 01:46:09 [@99da6059731e]
Externo #1: Nada a ser executado
2025-05-18 01:48:06 [@99da6059731e]
Externo #1: Nada a ser executado
2025-05-18 01:50:10 [@99da6059731e]
Externo #1: Nada a ser executado
2025-05-18 01:52:08 [@99da6059731e]
Externo #1: Executar pendingreason_autobump_autosolve
2025-05-18 01:55:00 [@99da6059731e]
Externo #1: Nada a ser executado
2025-05-18 01:56:08 [@99da6059731e]
Externo #1: Nada a ser executado
2025-05-18 01:58:06 [@99da6059731e]
Externo #1: Nada a ser executado
2025-05-18 02:00:07 [@99da6059731e]
Externo #1: Nada a ser executado
2025-05-18 02:02:07 [@99da6059731e]
Externo #1: Nada a ser executado
2025-05-18 02:04:07 [@99da6059731e]
Externo #1: Nada a ser executado
2025-05-18 02:06:08 [@99da6059731e]
Externo #1: Nada a ser executado
2025-05-18 02:08:08 [@99da6059731e]
Externo #1: Nada a ser executado
2025-05-18 02:10:08 [@99da6059731e]
Externo #1: Nada a ser executado
2025-05-18 02:12:21 [@99da6059731e]
Externo #1: Nada a ser executado
2025-05-18 02:14:08 [@99da6059731e]
Externo #1: Nada a ser executado
2025-05-18 02:16:07 [@99da6059731e]
Externo #1: Nada a ser executado
2025-05-18 02:18:18 [@99da6059731e]
Externo #1: Nada a ser executado
2025-05-18 02:20:08 [@99da6059731e]
Externo #1: Nada a ser executado
