2025-05-18 00:31:27 [2@99da6059731e]
0 segundo for "Installing glpi_plugin_fields_containers"
2025-05-18 00:31:27 [2@99da6059731e]
0 segundo for "Installing glpi_plugin_fields_containerdisplayconditions"
2025-05-18 00:31:28 [2@99da6059731e]
1 segundo for "Installing glpi_plugin_fields_fields"
2025-05-18 00:31:29 [2@99da6059731e]
1 segundo for "Updating glpi_plugin_fields_fields"
2025-05-18 00:31:30 [2@99da6059731e]
1 segundo for "Installing glpi_plugin_fields_labeltranslations"
2025-05-18 00:31:30 [2@99da6059731e]
0 segundo for "Installing glpi_plugin_fields_profiles"
2025-05-18 00:31:30 [2@99da6059731e]
0 segundo for "Installing glpi_plugin_fields_statusoverrides"
2025-05-18 00:31:30 [2@99da6059731e]
0 segundo for "Alteração de layout do banco de dados - glpi_plugin_fields_fields"
2025-05-18 00:31:30 [2@99da6059731e]
0 segundo for "Valores de configuração adicionados para stable_search_options (plugin:fields)."
2025-05-18 00:31:30 [2@99da6059731e]
0 segundo for "Tarefa concluída."
2025-05-18 00:31:30 [2@99da6059731e]
0 segundo for "Regerar arquivos de contêineres"
2025-05-18 00:31:30 [2@99da6059731e]
0 segundo for "Tarefa concluída."
2025-05-18 00:31:30 [2@99da6059731e]
0 segundo for "Atualizando arquivos de contêineres gerados"
2025-05-18 00:31:30 [2@99da6059731e]
0 segundo for "Tarefa concluída."
2025-05-18 00:31:30 [2@99da6059731e]
0 segundo for "Atualizando arquivos que foram baixados"
